\BOOKMARK [0][-]{chapter*.1}{\376\377\144\130\211\201}{}% 1
\BOOKMARK [0][-]{chapter*.2}{\376\377\000A\000b\000s\000t\000r\000a\000c\000t}{}% 2
\BOOKMARK [0][-]{chapter.1}{\376\377\176\352\213\272}{}% 3
\BOOKMARK [1][-]{section.1.1}{\376\377\213\376\230\230\170\024\172\166\200\314\146\157\123\312\141\017\116\111}{chapter.1}% 4
\BOOKMARK [2][-]{subsection.1.1.1}{\376\377\121\150\164\003\211\306\226\234\177\244\117\123\165\037\133\130\163\260\162\266}{section.1.1}% 5
\BOOKMARK [2][-]{subsection.1.1.2}{\376\377\133\374\166\362\217\205\121\167\166\204\123\321\134\125\123\206\172\013}{section.1.1}% 6
\BOOKMARK [1][-]{section.1.2}{\376\377\162\151\200\124\177\121\142\200\147\057\127\050\217\205\122\251\123\073\165\227\116\055\166\204\136\224\165\050}{chapter.1}% 7
\BOOKMARK [2][-]{subsection.1.2.1}{\376\377\162\151\200\124\177\121\117\123\174\373\147\266\147\204}{section.1.2}% 8
\BOOKMARK [1][-]{section.1.3}{\376\377\000P\000r\000o\000t\000e\000u\000s\116\377\167\037\142\200\147\057\127\050\135\114\121\145\137\017\137\000\123\321\116\055\166\204\127\060\117\115}{chapter.1}% 9
\BOOKMARK [2][-]{subsection.1.3.1}{\376\377\000P\000r\000o\000t\000e\000u\000s\000\040\000V\000S\000M\142\200\147\057\151\202\217\360}{section.1.3}% 10
\BOOKMARK [2][-]{subsection.1.3.2}{\376\377\000P\000r\000o\000t\000e\000u\000s\127\050\162\151\200\124\177\121\174\373\176\337\137\000\123\321\116\055\166\204\117\030\122\277}{section.1.3}% 11
\BOOKMARK [1][-]{section.1.4}{\376\377\147\054\145\207\116\073\211\201\170\024\172\166\121\205\133\271\116\016\172\340\202\202\133\211\143\222}{chapter.1}% 12
\BOOKMARK [0][-]{chapter.2}{\376\377\166\370\121\163\164\006\213\272\127\372\170\100\116\016\121\163\225\056\142\200\147\057}{}% 13
\BOOKMARK [1][-]{section.2.1}{\376\377\215\205\130\360\154\342\155\113\215\335\123\237\164\006\155\361\121\145\122\006\147\220}{chapter.2}% 14
\BOOKMARK [2][-]{subsection.2.1.1}{\376\377\215\205\130\360\154\342\166\204\162\151\164\006\162\171\140\047}{section.2.1}% 15
\BOOKMARK [2][-]{subsection.2.1.2}{\376\377\155\113\215\335\145\366\136\217\122\006\147\220}{section.2.1}% 16
\BOOKMARK [1][-]{section.2.2}{\376\377\000S\000T\000M\0003\0002\137\256\143\247\122\066\126\150\147\266\147\204\211\343\147\220}{chapter.2}% 17
\BOOKMARK [2][-]{subsection.2.2.1}{\376\377\000A\000R\000M\000\040\000C\000o\000r\000t\000e\000x\000-\000M\0003\000\040\121\205\150\070}{section.2.2}% 18
\BOOKMARK [2][-]{subsection.2.2.2}{\376\377\135\114\131\127\124\021\221\317\116\055\145\255\143\247\122\066\126\150\000\040\000\050\000N\000V\000I\000C\000\051}{section.2.2}% 19
\BOOKMARK [1][-]{section.2.3}{\376\377\135\114\121\145\137\017\220\032\117\341\123\117\213\256\213\346\211\343}{chapter.2}% 20
\BOOKMARK [2][-]{subsection.2.3.1}{\376\377\000I\0002\000C\140\073\176\277\123\117\213\256}{section.2.3}% 21
\BOOKMARK [2][-]{subsection.2.3.2}{\376\377\000U\000A\000R\000T\137\002\153\145\116\062\210\114\220\032\117\341}{section.2.3}% 22
\BOOKMARK [0][-]{chapter.3}{\376\377\174\373\176\337\140\073\117\123\145\271\150\110\213\276\213\241}{}% 23
\BOOKMARK [1][-]{section.3.1}{\376\377\174\373\176\337\227\000\154\102\122\006\147\220}{chapter.3}% 24
\BOOKMARK [2][-]{subsection.3.1.1}{\376\377\122\237\200\375\140\047\227\000\154\102}{section.3.1}% 25
\BOOKMARK [1][-]{section.3.2}{\376\377\174\373\176\337\140\073\117\123\147\266\147\204\213\276\213\241}{chapter.3}% 26
\BOOKMARK [1][-]{section.3.3}{\376\377\150\070\137\303\142\200\147\057\215\357\176\277\116\016\220\011\127\213}{chapter.3}% 27
\BOOKMARK [2][-]{subsection.3.3.1}{\376\377\116\073\143\247\202\257\162\107\220\011\127\213\133\371\153\324}{section.3.3}% 28
\BOOKMARK [2][-]{subsection.3.3.2}{\376\377\000W\000I\000F\000I\122\237\200\375\166\204\152\041\142\337\116\377\167\037\173\126\165\145}{section.3.3}% 29
\BOOKMARK [0][-]{chapter.4}{\376\377\170\154\116\366\165\065\215\357\213\276\213\241}{}% 30
\BOOKMARK [1][-]{section.4.1}{\376\377\137\256\143\247\122\066\126\150\147\000\134\017\174\373\176\337\213\276\213\241}{chapter.4}% 31
\BOOKMARK [2][-]{subsection.4.1.1}{\376\377\116\073\143\247\202\257\162\107\000S\000T\000M\0003\0002\000F\0001\0000\0003\000C\0008\000T\0006\220\011\127\213\122\006\147\220}{section.4.1}% 32
\BOOKMARK [2][-]{subsection.4.1.2}{\376\377\165\065\156\220\165\065\215\357\213\276\213\241}{section.4.1}% 33
\BOOKMARK [2][-]{subsection.4.1.3}{\376\377\145\366\224\237\131\015\117\115\165\065\215\357\213\276\213\241}{section.4.1}% 34
\BOOKMARK [2][-]{subsection.4.1.4}{\376\377\124\057\122\250\152\041\137\017\213\276\177\156\116\016\214\003\213\325\143\245\123\343}{section.4.1}% 35
\BOOKMARK [2][-]{subsection.4.1.5}{\376\377\174\373\176\337\137\025\201\032\122\006\221\115}{section.4.1}% 36
\BOOKMARK [1][-]{section.4.2}{\376\377\215\205\130\360\154\342\155\113\215\335\165\065\215\357\213\276\213\241}{chapter.4}% 37
\BOOKMARK [2][-]{subsection.4.2.1}{\376\377\215\205\130\360\154\342\155\113\215\335\123\237\164\006}{section.4.2}% 38
\BOOKMARK [2][-]{subsection.4.2.2}{\376\377\000H\000C\000-\000S\000R\0000\0004\152\041\127\127\121\205\220\350\165\065\215\357\122\006\147\220}{section.4.2}% 39
\BOOKMARK [2][-]{subsection.4.2.3}{\376\377\116\016\000S\000T\000M\0003\0002\166\204\143\245\123\343\165\065\215\357}{section.4.2}% 40
\BOOKMARK [1][-]{section.4.3}{\376\377\000O\000L\000E\000D\146\076\171\072\116\016\000W\000I\000F\000I\152\041\142\337\143\245\123\343}{chapter.4}% 41
\BOOKMARK [1][-]{section.4.4}{\376\377\130\360\121\111\142\245\213\146\165\065\215\357}{chapter.4}% 42
\BOOKMARK [0][-]{chapter.5}{\376\377\217\157\116\366\174\373\176\337\213\276\213\241}{}% 43
\BOOKMARK [1][-]{section.5.1}{\376\377\217\157\116\366\140\073\117\123\147\266\147\204}{chapter.5}% 44
\BOOKMARK [1][-]{section.5.2}{\376\377\116\073\172\013\136\217\155\101\172\013\126\376}{chapter.5}% 45
\BOOKMARK [1][-]{section.5.3}{\376\377\142\245\213\146\220\073\217\221\162\266\140\001\147\072\213\276\213\241}{chapter.5}% 46
\BOOKMARK [1][-]{section.5.4}{\376\377\155\113\215\335\133\120\172\013\136\217\155\101\172\013\126\376}{chapter.5}% 47
\BOOKMARK [1][-]{section.5.5}{\376\377\143\011\225\056\142\153\143\317\133\120\172\013\136\217\155\101\172\013\126\376}{chapter.5}% 48
\BOOKMARK [1][-]{section.5.6}{\376\377\150\070\137\303\173\227\154\325\133\236\163\260}{chapter.5}% 49
\BOOKMARK [2][-]{subsection.5.6.1}{\376\377\122\006\176\247\142\245\213\146\173\227\154\325\000\040\000\050\000C\213\355\212\000\133\236\163\260\000\051}{section.5.6}% 50
\BOOKMARK [2][-]{subsection.5.6.2}{\376\377\000I\000o\000T\145\160\143\156\123\005\134\001\210\305\116\016\152\041\142\337\123\321\220\001}{section.5.6}% 51
\BOOKMARK [0][-]{chapter.6}{\376\377\000P\000r\000o\000t\000e\000u\000s\116\377\167\037\116\016\174\373\176\337\214\003\213\325}{}% 52
\BOOKMARK [1][-]{section.6.1}{\376\377\116\377\167\037\163\257\130\203\144\055\136\372}{chapter.6}% 53
\BOOKMARK [1][-]{section.6.2}{\376\377\000W\000I\000F\000I\152\041\142\337\122\237\200\375\166\204\232\214\213\301}{chapter.6}% 54
\BOOKMARK [1][-]{section.6.3}{\376\377\214\003\213\325\116\055\220\107\122\060\166\204\225\356\230\230\123\312\211\343\121\263}{chapter.6}% 55
\BOOKMARK [1][-]{section.6.4}{\376\377\174\373\176\337\122\237\200\375\155\113\213\325\145\160\143\156}{chapter.6}% 56
\BOOKMARK [0][-]{chapter.7}{\376\377\176\323\213\272}{}% 57
\BOOKMARK [0][-]{chapter*.4}{\376\377\123\302\200\003\145\207\163\056}{}% 58
\BOOKMARK [0][-]{chapter*.5}{\376\377\201\364\214\042}{}% 59
\BOOKMARK [0][-]{appendix.A}{\376\377\226\104\137\125\377\032\150\070\137\303\116\343\170\001}{}% 60
\BOOKMARK [1][-]{section.A.1}{\376\377\116\073\121\375\145\160\000\040\000m\000a\000i\000n\000.\000c}{appendix.A}% 61
\BOOKMARK [1][-]{section.A.2}{\376\377\215\205\130\360\154\342\232\161\122\250\000\040\000H\000C\000S\000R\0000\0004\000.\000c}{appendix.A}% 62
\BOOKMARK [1][-]{section.A.3}{\376\377\000O\000L\000E\000D\146\076\171\072\232\161\122\250\000\040\000O\000L\000E\000D\000.\000c}{appendix.A}% 63
\BOOKMARK [1][-]{section.A.4}{\376\377\143\011\225\056\232\161\122\250\000\040\000K\000e\000y\000.\000c}{appendix.A}% 64
\BOOKMARK [1][-]{section.A.5}{\376\377\220\032\117\341\232\161\122\250\000\040\000U\000S\000A\000R\000T\000.\000c}{appendix.A}% 65
